0 verbose cli /usr/local/Cellar/node/23.1.0_1/bin/node /usr/local/bin/npm
1 info using npm@11.11.0
2 info using node@v23.1.0
3 silly config load:file:/usr/local/lib/node_modules/npm/npmrc
4 silly config load:file:/Users/apple/Desktop/Todo-next/my-app/.npmrc
5 silly config load:file:/Users/apple/.npmrc
6 silly config load:file:/usr/local/etc/npmrc
7 verbose title npm install framer-motion
8 verbose argv "install" "framer-motion" "--cache" ".npm-cache"
9 verbose logfile logs-max:10 dir:/Users/apple/Desktop/Todo-next/my-app/.npm-cache/_logs/2026-03-06T02_48_57_770Z-
10 verbose logfile /Users/apple/Desktop/Todo-next/my-app/.npm-cache/_logs/2026-03-06T02_48_57_770Z-debug-0.log
11 silly logfile done cleaning log files
12 silly packumentCache heap:4345298944 maxSize:1086324736 maxEntrySize:543162368
13 silly idealTree buildDeps
14 silly fetch manifest framer-motion@*
15 silly packumentCache full:https://registry.npmjs.org/framer-motion cache-miss
16 http fetch GET 200 https://registry.npmjs.org/framer-motion 922ms (cache miss)
17 silly packumentCache full:https://registry.npmjs.org/framer-motion set size:undefined disposed:false
18 silly fetch manifest @emotion/is-prop-valid@*
19 silly packumentCache full:https://registry.npmjs.org/@emotion%2fis-prop-valid cache-miss
20 http fetch GET 200 https://registry.npmjs.org/@emotion%2fis-prop-valid 783ms (cache miss)
21 silly packumentCache full:https://registry.npmjs.org/@emotion%2fis-prop-valid set size:undefined disposed:false
22 silly fetch manifest react@19.2.3
23 silly packumentCache full:https://registry.npmjs.org/react cache-miss
24 http fetch GET 200 https://registry.npmjs.org/react 125ms (cache revalidated)
25 silly packumentCache full:https://registry.npmjs.org/react set size:6531716 disposed:false
26 silly fetch manifest react-dom@19.2.3
27 silly packumentCache full:https://registry.npmjs.org/react-dom cache-miss
28 http fetch GET 200 https://registry.npmjs.org/react-dom 256ms (cache miss)
29 silly packumentCache full:https://registry.npmjs.org/react-dom set size:undefined disposed:false
30 silly placeDep ROOT framer-motion@12.35.0 OK for: my-app@0.1.0 want: *
31 silly fetch manifest motion-dom@^12.35.0
32 silly packumentCache full:https://registry.npmjs.org/motion-dom cache-miss
33 silly fetch manifest motion-utils@^12.29.2
34 silly packumentCache full:https://registry.npmjs.org/motion-utils cache-miss
35 http fetch GET 200 https://registry.npmjs.org/motion-dom 322ms (cache miss)
36 silly packumentCache full:https://registry.npmjs.org/motion-dom set size:undefined disposed:false
37 http fetch GET 200 https://registry.npmjs.org/motion-utils 393ms (cache miss)
38 silly packumentCache full:https://registry.npmjs.org/motion-utils set size:undefined disposed:false
39 silly placeDep ROOT motion-dom@12.35.0 OK for: framer-motion@12.35.0 want: ^12.35.0
40 silly placeDep ROOT motion-utils@12.29.2 OK for: framer-motion@12.35.0 want: ^12.29.2
41 warn EBADENGINE Unsupported engine {
41 warn EBADENGINE   package: 'eslint-visitor-keys@5.0.1',
41 warn EBADENGINE   required: { node: '^20.19.0 || ^22.13.0 || >=24' },
41 warn EBADENGINE   current: { node: 'v23.1.0', npm: '11.11.0' }
41 warn EBADENGINE }
42 silly reify moves {}
43 silly audit bulk request {
43 silly audit   '@alloc/quick-lru': [ '5.2.0' ],
43 silly audit   '@babel/code-frame': [ '7.29.0' ],
43 silly audit   '@babel/compat-data': [ '7.29.0' ],
43 silly audit   '@babel/core': [ '7.29.0' ],
43 silly audit   '@babel/generator': [ '7.29.1' ],
43 silly audit   '@babel/helper-compilation-targets': [ '7.28.6' ],
43 silly audit   '@babel/helper-globals': [ '7.28.0' ],
43 silly audit   '@babel/helper-module-imports': [ '7.28.6' ],
43 silly audit   '@babel/helper-module-transforms': [ '7.28.6' ],
43 silly audit   '@babel/helper-string-parser': [ '7.27.1' ],
43 silly audit   '@babel/helper-validator-identifier': [ '7.28.5' ],
43 silly audit   '@babel/helper-validator-option': [ '7.27.1' ],
43 silly audit   '@babel/helpers': [ '7.28.6' ],
43 silly audit   '@babel/parser': [ '7.29.0' ],
43 silly audit   '@babel/template': [ '7.28.6' ],
43 silly audit   '@babel/traverse': [ '7.29.0' ],
43 silly audit   '@babel/types': [ '7.29.0' ],
43 silly audit   '@emnapi/core': [ '1.8.1' ],
43 silly audit   '@emnapi/runtime': [ '1.8.1' ],
43 silly audit   '@emnapi/wasi-threads': [ '1.1.0' ],
43 silly audit   '@eslint-community/eslint-utils': [ '4.9.1' ],
43 silly audit   'eslint-visitor-keys': [ '3.4.3', '5.0.1', '4.2.1' ],
43 silly audit   '@eslint-community/regexpp': [ '4.12.2' ],
43 silly audit   '@eslint/config-array': [ '0.21.1' ],
43 silly audit   '@eslint/config-helpers': [ '0.4.2' ],
43 silly audit   '@eslint/core': [ '0.17.0' ],
43 silly audit   '@eslint/eslintrc': [ '3.3.4' ],
43 silly audit   '@eslint/js': [ '9.39.3' ],
43 silly audit   '@eslint/object-schema': [ '2.1.7' ],
43 silly audit   '@eslint/plugin-kit': [ '0.4.1' ],
43 silly audit   '@humanfs/core': [ '0.19.1' ],
43 silly audit   '@humanfs/node': [ '0.16.7' ],
43 silly audit   '@humanwhocodes/module-importer': [ '1.0.1' ],
43 silly audit   '@humanwhocodes/retry': [ '0.4.3' ],
43 silly audit   '@img/colour': [ '1.1.0' ],
43 silly audit   '@img/sharp-darwin-arm64': [ '0.34.5' ],
43 silly audit   '@img/sharp-darwin-x64': [ '0.34.5' ],
43 silly audit   '@img/sharp-libvips-darwin-arm64': [ '1.2.4' ],
43 silly audit   '@img/sharp-libvips-darwin-x64': [ '1.2.4' ],
43 silly audit   '@img/sharp-libvips-linux-arm': [ '1.2.4' ],
43 silly audit   '@img/sharp-libvips-linux-arm64': [ '1.2.4' ],
43 silly audit   '@img/sharp-libvips-linux-ppc64': [ '1.2.4' ],
43 silly audit   '@img/sharp-libvips-linux-riscv64': [ '1.2.4' ],
43 silly audit   '@img/sharp-libvips-linux-s390x': [ '1.2.4' ],
43 silly audit   '@img/sharp-libvips-linux-x64': [ '1.2.4' ],
43 silly audit   '@img/sharp-libvips-linuxmusl-arm64': [ '1.2.4' ],
43 silly audit   '@img/sharp-libvips-linuxmusl-x64': [ '1.2.4' ],
43 silly audit   '@img/sharp-linux-arm': [ '0.34.5' ],
43 silly audit   '@img/sharp-linux-arm64': [ '0.34.5' ],
43 silly audit   '@img/sharp-linux-ppc64': [ '0.34.5' ],
43 silly audit   '@img/sharp-linux-riscv64': [ '0.34.5' ],
43 silly audit   '@img/sharp-linux-s390x': [ '0.34.5' ],
43 silly audit   '@img/sharp-linux-x64': [ '0.34.5' ],
43 silly audit   '@img/sharp-linuxmusl-arm64': [ '0.34.5' ],
43 silly audit   '@img/sharp-linuxmusl-x64': [ '0.34.5' ],
43 silly audit   '@img/sharp-wasm32': [ '0.34.5' ],
43 silly audit   '@img/sharp-win32-arm64': [ '0.34.5' ],
43 silly audit   '@img/sharp-win32-ia32': [ '0.34.5' ],
43 silly audit   '@img/sharp-win32-x64': [ '0.34.5' ],
43 silly audit   '@jridgewell/gen-mapping': [ '0.3.13' ],
43 silly audit   '@jridgewell/remapping': [ '2.3.5' ],
43 silly audit   '@jridgewell/resolve-uri': [ '3.1.2' ],
43 silly audit   '@jridgewell/sourcemap-codec': [ '1.5.5' ],
43 silly audit   '@jridgewell/trace-mapping': [ '0.3.31' ],
43 silly audit   '@napi-rs/wasm-runtime': [ '0.2.12' ],
43 silly audit   '@next/env': [ '16.1.4' ],
43 silly audit   '@next/eslint-plugin-next': [ '16.1.4' ],
43 silly audit   '@next/swc-darwin-arm64': [ '16.1.4' ],
43 silly audit   '@next/swc-darwin-x64': [ '16.1.4' ],
43 silly audit   '@next/swc-linux-arm64-gnu': [ '16.1.4' ],
43 silly audit   '@next/swc-linux-arm64-musl': [ '16.1.4' ],
43 silly audit   '@next/swc-linux-x64-gnu': [ '16.1.4' ],
43 silly audit   '@next/swc-linux-x64-musl': [ '16.1.4' ],
43 silly audit   '@next/swc-win32-arm64-msvc': [ '16.1.4' ],
43 silly audit   '@next/swc-win32-x64-msvc': [ '16.1.4' ],
43 silly audit   '@nodelib/fs.scandir': [ '2.1.5' ],
43 silly audit   '@nodelib/fs.stat': [ '2.0.5' ],
43 silly audit   '@nodelib/fs.walk': [ '1.2.8' ],
43 silly audit   '@nolyfill/is-core-module': [ '1.0.39' ],
43 silly audit   '@rtsao/scc': [ '1.1.0' ],
43 silly audit   '@swc/helpers': [ '0.5.15' ],
43 silly audit   '@tailwindcss/node': [ '4.2.1' ],
43 silly audit   '@tailwindcss/oxide': [ '4.2.1' ],
43 silly audit   '@tailwindcss/oxide-android-arm64': [ '4.2.1' ],
43 silly audit   '@tailwindcss/oxide-darwin-arm64': [ '4.2.1' ],
43 silly audit   '@tailwindcss/oxide-darwin-x64': [ '4.2.1' ],
43 silly audit   '@tailwindcss/oxide-freebsd-x64': [ '4.2.1' ],
43 silly audit   '@tailwindcss/oxide-linux-arm-gnueabihf': [ '4.2.1' ],
43 silly audit   '@tailwindcss/oxide-linux-arm64-gnu': [ '4.2.1' ],
43 silly audit   '@tailwindcss/oxide-linux-arm64-musl': [ '4.2.1' ],
43 silly audit   '@tailwindcss/oxide-linux-x64-gnu': [ '4.2.1' ],
43 silly audit   '@tailwindcss/oxide-linux-x64-musl': [ '4.2.1' ],
43 silly audit   '@tailwindcss/oxide-wasm32-wasi': [ '4.2.1' ],
43 silly audit   '@tailwindcss/oxide-win32-arm64-msvc': [ '4.2.1' ],
43 silly audit   '@tailwindcss/oxide-win32-x64-msvc': [ '4.2.1' ],
43 silly audit   '@tailwindcss/postcss': [ '4.2.1' ],
43 silly audit   '@tybys/wasm-util': [ '0.10.1' ],
43 silly audit   '@types/debug': [ '4.1.12' ],
43 silly audit   '@types/estree': [ '1.0.8' ],
43 silly audit   '@types/estree-jsx': [ '1.0.5' ],
43 silly audit   '@types/hast': [ '3.0.4' ],
43 silly audit   '@types/json-schema': [ '7.0.15' ],
43 silly audit   '@types/json5': [ '0.0.29' ],
43 silly audit   '@types/mdast': [ '4.0.4' ],
43 silly audit   '@types/ms': [ '2.1.0' ],
43 silly audit   '@types/node': [ '20.19.35' ],
43 silly audit   '@types/react': [ '19.2.14' ],
43 silly audit   '@types/react-dom': [ '19.2.3' ],
43 silly audit   '@types/unist': [ '3.0.3', '2.0.11' ],
43 silly audit   '@typescript-eslint/eslint-plugin': [ '8.56.1' ],
43 silly audit   ignore: [ '7.0.5', '5.3.2' ],
43 silly audit   '@typescript-eslint/parser': [ '8.56.1' ],
43 silly audit   '@typescript-eslint/project-service': [ '8.56.1' ],
43 silly audit   '@typescript-eslint/scope-manager': [ '8.56.1' ],
43 silly audit   '@typescript-eslint/tsconfig-utils': [ '8.56.1' ],
43 silly audit   '@typescript-eslint/type-utils': [ '8.56.1' ],
43 silly audit   '@typescript-eslint/types': [ '8.56.1' ],
43 silly audit   '@typescript-eslint/typescript-estree': [ '8.56.1' ],
43 silly audit   'balanced-match': [ '4.0.4', '1.0.2' ],
43 silly audit   'brace-expansion': [ '5.0.4', '1.1.12' ],
43 silly audit   minimatch: [ '10.2.4', '3.1.5' ],
43 silly audit   semver: [ '7.7.4', '6.3.1' ],
43 silly audit   '@typescript-eslint/utils': [ '8.56.1' ],
43 silly audit   '@typescript-eslint/visitor-keys': [ '8.56.1' ],
43 silly audit   '@ungap/structured-clone': [ '1.3.0' ],
43 silly audit   '@unrs/resolver-binding-android-arm-eabi': [ '1.11.1' ],
43 silly audit   '@unrs/resolver-binding-android-arm64': [ '1.11.1' ],
43 silly audit   '@unrs/resolver-binding-darwin-arm64': [ '1.11.1' ],
43 silly audit   '@unrs/resolver-binding-darwin-x64': [ '1.11.1' ],
43 silly audit   '@unrs/resolver-binding-freebsd-x64': [ '1.11.1' ],
43 silly audit   '@unrs/resolver-binding-linux-arm-gnueabihf': [ '1.11.1' ],
43 silly audit   '@unrs/resolver-binding-linux-arm-musleabihf': [ '1.11.1' ],
43 silly audit   '@unrs/resolver-binding-linux-arm64-gnu': [ '1.11.1' ],
43 silly audit   '@unrs/resolver-binding-linux-arm64-musl': [ '1.11.1' ],
43 silly audit   '@unrs/resolver-binding-linux-ppc64-gnu': [ '1.11.1' ],
43 silly audit   '@unrs/resolver-binding-linux-riscv64-gnu': [ '1.11.1' ],
43 silly audit   '@unrs/resolver-binding-linux-riscv64-musl': [ '1.11.1' ],
43 silly audit   '@unrs/resolver-binding-linux-s390x-gnu': [ '1.11.1' ],
43 silly audit   '@unrs/resolver-binding-linux-x64-gnu': [ '1.11.1' ],
43 silly audit   '@unrs/resolver-binding-linux-x64-musl': [ '1.11.1' ],
43 silly audit   '@unrs/resolver-binding-wasm32-wasi': [ '1.11.1' ],
43 silly audit   '@unrs/resolver-binding-win32-arm64-msvc': [ '1.11.1' ],
43 silly audit   '@unrs/resolver-binding-win32-ia32-msvc': [ '1.11.1' ],
43 silly audit   '@unrs/resolver-binding-win32-x64-msvc': [ '1.11.1' ],
43 silly audit   acorn: [ '8.16.0' ],
43 silly audit   'acorn-jsx': [ '5.3.2' ],
43 silly audit   ajv: [ '6.14.0' ],
43 silly audit   'ansi-styles': [ '4.3.0' ],
43 silly audit   argparse: [ '2.0.1' ],
43 silly audit   'aria-query': [ '5.3.2' ],
43 silly audit   'array-buffer-byte-length': [ '1.0.2' ],
43 silly audit   'array-includes': [ '3.1.9' ],
43 silly audit   'array.prototype.findlast': [ '1.2.5' ],
43 silly audit   'array.prototype.findlastindex': [ '1.2.6' ],
43 silly audit   'array.prototype.flat': [ '1.3.3' ],
43 silly audit   'array.prototype.flatmap': [ '1.3.3' ],
43 silly audit   'array.prototype.tosorted': [ '1.1.4' ],
43 silly audit   'arraybuffer.prototype.slice': [ '1.0.4' ],
43 silly audit   'ast-types-flow': [ '0.0.8' ],
43 silly audit   'async-function': [ '1.0.0' ],
43 silly audit   'available-typed-arrays': [ '1.0.7' ],
43 silly audit   'axe-core': [ '4.11.1' ],
43 silly audit   'axobject-query': [ '4.1.0' ],
43 silly audit   bail: [ '2.0.2' ],
43 silly audit   'baseline-browser-mapping': [ '2.10.0' ],
43 silly audit   braces: [ '3.0.3' ],
43 silly audit   browserslist: [ '4.28.1' ],
43 silly audit   'call-bind': [ '1.0.8' ],
43 silly audit   'call-bind-apply-helpers': [ '1.0.2' ],
43 silly audit   'call-bound': [ '1.0.4' ],
43 silly audit   callsites: [ '3.1.0' ],
43 silly audit   'caniuse-lite': [ '1.0.30001776' ],
43 silly audit   ccount: [ '2.0.1' ],
43 silly audit   chalk: [ '4.1.2' ],
43 silly audit   'character-entities': [ '2.0.2' ],
43 silly audit   'character-entities-html4': [ '2.1.0' ],
43 silly audit   'character-entities-legacy': [ '3.0.0' ],
43 silly audit   'character-reference-invalid': [ '2.0.1' ],
43 silly audit   'client-only': [ '0.0.1' ],
43 silly audit   'color-convert': [ '2.0.1' ],
43 silly audit   'color-name': [ '1.1.4' ],
43 silly audit   'comma-separated-tokens': [ '2.0.3' ],
43 silly audit   'concat-map': [ '0.0.1' ],
43 silly audit   'convert-source-map': [ '2.0.0' ],
43 silly audit   'cross-spawn': [ '7.0.6' ],
43 silly audit   csstype: [ '3.2.3' ],
43 silly audit   'damerau-levenshtein': [ '1.0.8' ],
43 silly audit   'data-view-buffer': [ '1.0.2' ],
43 silly audit   'data-view-byte-length': [ '1.0.2' ],
43 silly audit   'data-view-byte-offset': [ '1.0.1' ],
43 silly audit   debug: [ '4.4.3', '3.2.7' ],
43 silly audit   'decode-named-character-reference': [ '1.3.0' ],
43 silly audit   'deep-is': [ '0.1.4' ],
43 silly audit   'define-data-property': [ '1.1.4' ],
43 silly audit   'define-properties': [ '1.2.1' ],
43 silly audit   dequal: [ '2.0.3' ],
43 silly audit   'detect-libc': [ '2.1.2' ],
43 silly audit   devlop: [ '1.1.0' ],
43 silly audit   doctrine: [ '2.1.0' ],
43 silly audit   'dunder-proto': [ '1.0.1' ],
43 silly audit   'electron-to-chromium': [ '1.5.307' ],
43 silly audit   'emoji-regex': [ '9.2.2' ],
43 silly audit   'enhanced-resolve': [ '5.20.0' ],
43 silly audit   'es-abstract': [ '1.24.1' ],
43 silly audit   'es-define-property': [ '1.0.1' ],
43 silly audit   'es-errors': [ '1.3.0' ],
43 silly audit   'es-iterator-helpers': [ '1.2.2' ],
43 silly audit   'es-object-atoms': [ '1.1.1' ],
43 silly audit   'es-set-tostringtag': [ '2.1.0' ],
43 silly audit   'es-shim-unscopables': [ '1.1.0' ],
43 silly audit   'es-to-primitive': [ '1.3.0' ],
43 silly audit   escalade: [ '3.2.0' ],
43 silly audit   'escape-string-regexp': [ '4.0.0', '5.0.0' ],
43 silly audit   eslint: [ '9.39.3' ],
43 silly audit   'eslint-config-next': [ '16.1.4' ],
43 silly audit   globals: [ '16.4.0', '14.0.0' ],
43 silly audit   'eslint-import-resolver-node': [ '0.3.9' ],
43 silly audit   'eslint-import-resolver-typescript': [ '3.10.1' ],
43 silly audit   'eslint-module-utils': [ '2.12.1' ],
43 silly audit   'eslint-plugin-import': [ '2.32.0' ],
43 silly audit   'eslint-plugin-jsx-a11y': [ '6.10.2' ],
43 silly audit   'eslint-plugin-react': [ '7.37.5' ],
43 silly audit   'eslint-plugin-react-hooks': [ '7.0.1' ],
43 silly audit   resolve: [ '2.0.0-next.6', '1.22.11' ],
43 silly audit   'eslint-scope': [ '8.4.0' ],
43 silly audit   espree: [ '10.4.0' ],
43 silly audit   esquery: [ '1.7.0' ],
43 silly audit   esrecurse: [ '4.3.0' ],
43 silly audit   estraverse: [ '5.3.0' ],
43 silly audit   'estree-util-is-identifier-name': [ '3.0.0' ],
43 silly audit   esutils: [ '2.0.3' ],
43 silly audit   extend: [ '3.0.2' ],
43 silly audit   'fast-deep-equal': [ '3.1.3' ],
43 silly audit   'fast-glob': [ '3.3.1' ],
43 silly audit   'glob-parent': [ '5.1.2', '6.0.2' ],
43 silly audit   'fast-json-stable-stringify': [ '2.1.0' ],
43 silly audit   'fast-levenshtein': [ '2.0.6' ],
43 silly audit   fastq: [ '1.20.1' ],
43 silly audit   'file-entry-cache': [ '8.0.0' ],
43 silly audit   'fill-range': [ '7.1.1' ],
43 silly audit   'find-up': [ '5.0.0' ],
43 silly audit   'flat-cache': [ '4.0.1' ],
43 silly audit   flatted: [ '3.3.4' ],
43 silly audit   'for-each': [ '0.3.5' ],
43 silly audit   'function-bind': [ '1.1.2' ],
43 silly audit   'function.prototype.name': [ '1.1.8' ],
43 silly audit   'functions-have-names': [ '1.2.3' ],
43 silly audit   'generator-function': [ '2.0.1' ],
43 silly audit   gensync: [ '1.0.0-beta.2' ],
43 silly audit   'get-intrinsic': [ '1.3.0' ],
43 silly audit   'get-proto': [ '1.0.1' ],
43 silly audit   'get-symbol-description': [ '1.1.0' ],
43 silly audit   'get-tsconfig': [ '4.13.6' ],
43 silly audit   globalthis: [ '1.0.4' ],
43 silly audit   gopd: [ '1.2.0' ],
43 silly audit   'graceful-fs': [ '4.2.11' ],
43 silly audit   'has-bigints': [ '1.1.0' ],
43 silly audit   'has-flag': [ '4.0.0' ],
43 silly audit   'has-property-descriptors': [ '1.0.2' ],
43 silly audit   'has-proto': [ '1.2.0' ],
43 silly audit   'has-symbols': [ '1.1.0' ],
43 silly audit   'has-tostringtag': [ '1.0.2' ],
43 silly audit   hasown: [ '2.0.2' ],
43 silly audit   'hast-util-to-jsx-runtime': [ '2.3.6' ],
43 silly audit   'hast-util-whitespace': [ '3.0.0' ],
43 silly audit   'hermes-estree': [ '0.25.1' ],
43 silly audit   'hermes-parser': [ '0.25.1' ],
43 silly audit   'html-url-attributes': [ '3.0.1' ],
43 silly audit   'import-fresh': [ '3.3.1' ],
43 silly audit   imurmurhash: [ '0.1.4' ],
43 silly audit   'inline-style-parser': [ '0.2.7' ],
43 silly audit   'internal-slot': [ '1.1.0' ],
43 silly audit   'is-alphabetical': [ '2.0.1' ],
43 silly audit   'is-alphanumerical': [ '2.0.1' ],
43 silly audit   'is-array-buffer': [ '3.0.5' ],
43 silly audit   'is-async-function': [ '2.1.1' ],
43 silly audit   'is-bigint': [ '1.1.0' ],
43 silly audit   'is-boolean-object': [ '1.2.2' ],
43 silly audit   'is-bun-module': [ '2.0.0' ],
43 silly audit   'is-callable': [ '1.2.7' ],
43 silly audit   'is-core-module': [ '2.16.1' ],
43 silly audit   'is-data-view': [ '1.0.2' ],
43 silly audit   'is-date-object': [ '1.1.0' ],
43 silly audit   'is-decimal': [ '2.0.1' ],
43 silly audit   'is-extglob': [ '2.1.1' ],
43 silly audit   'is-finalizationregistry': [ '1.1.1' ],
43 silly audit   'is-generator-function': [ '1.1.2' ],
43 silly audit   'is-glob': [ '4.0.3' ],
43 silly audit   'is-hexadecimal': [ '2.0.1' ],
43 silly audit   'is-map': [ '2.0.3' ],
43 silly audit   'is-negative-zero': [ '2.0.3' ],
43 silly audit   'is-number': [ '7.0.0' ],
43 silly audit   'is-number-object': [ '1.1.1' ],
43 silly audit   'is-plain-obj': [ '4.1.0' ],
43 silly audit   'is-regex': [ '1.2.1' ],
43 silly audit   'is-set': [ '2.0.3' ],
43 silly audit   'is-shared-array-buffer': [ '1.0.4' ],
43 silly audit   'is-string': [ '1.1.1' ],
43 silly audit   'is-symbol': [ '1.1.1' ],
43 silly audit   'is-typed-array': [ '1.1.15' ],
43 silly audit   'is-weakmap': [ '2.0.2' ],
43 silly audit   'is-weakref': [ '1.1.1' ],
43 silly audit   'is-weakset': [ '2.0.4' ],
43 silly audit   isarray: [ '2.0.5' ],
43 silly audit   isexe: [ '2.0.0' ],
43 silly audit   'iterator.prototype': [ '1.1.5' ],
43 silly audit   jiti: [ '2.6.1' ],
43 silly audit   'js-tokens': [ '4.0.0' ],
43 silly audit   'js-yaml': [ '4.1.1' ],
43 silly audit   jsesc: [ '3.1.0' ],
43 silly audit   'json-buffer': [ '3.0.1' ],
43 silly audit   'json-schema-traverse': [ '0.4.1' ],
43 silly audit   'json-stable-stringify-without-jsonify': [ '1.0.1' ],
43 silly audit   json5: [ '2.2.3', '1.0.2' ],
43 silly audit   'jsx-ast-utils': [ '3.3.5' ],
43 silly audit   keyv: [ '4.5.4' ],
43 silly audit   'language-subtag-registry': [ '0.3.23' ],
43 silly audit   'language-tags': [ '1.0.9' ],
43 silly audit   levn: [ '0.4.1' ],
43 silly audit   lightningcss: [ '1.31.1' ],
43 silly audit   'lightningcss-android-arm64': [ '1.31.1' ],
43 silly audit   'lightningcss-darwin-arm64': [ '1.31.1' ],
43 silly audit   'lightningcss-darwin-x64': [ '1.31.1' ],
43 silly audit   'lightningcss-freebsd-x64': [ '1.31.1' ],
43 silly audit   'lightningcss-linux-arm-gnueabihf': [ '1.31.1' ],
43 silly audit   'lightningcss-linux-arm64-gnu': [ '1.31.1' ],
43 silly audit   'lightningcss-linux-arm64-musl': [ '1.31.1' ],
43 silly audit   'lightningcss-linux-x64-gnu': [ '1.31.1' ],
43 silly audit   'lightningcss-linux-x64-musl': [ '1.31.1' ],
43 silly audit   'lightningcss-win32-arm64-msvc': [ '1.31.1' ],
43 silly audit   'lightningcss-win32-x64-msvc': [ '1.31.1' ],
43 silly audit   'locate-path': [ '6.0.0' ],
43 silly audit   'lodash.merge': [ '4.6.2' ],
43 silly audit   'longest-streak': [ '3.1.0' ],
43 silly audit   'loose-envify': [ '1.4.0' ],
43 silly audit   'lru-cache': [ '5.1.1' ],
43 silly audit   'magic-string': [ '0.30.21' ],
43 silly audit   'markdown-table': [ '3.0.4' ],
43 silly audit   'math-intrinsics': [ '1.1.0' ],
43 silly audit   'mdast-util-find-and-replace': [ '3.0.2' ],
43 silly audit   'mdast-util-from-markdown': [ '2.0.3' ],
43 silly audit   'mdast-util-gfm': [ '3.1.0' ],
43 silly audit   'mdast-util-gfm-autolink-literal': [ '2.0.1' ],
43 silly audit   'mdast-util-gfm-footnote': [ '2.1.0' ],
43 silly audit   'mdast-util-gfm-strikethrough': [ '2.0.0' ],
43 silly audit   'mdast-util-gfm-table': [ '2.0.0' ],
43 silly audit   'mdast-util-gfm-task-list-item': [ '2.0.0' ],
43 silly audit   'mdast-util-mdx-expression': [ '2.0.1' ],
43 silly audit   'mdast-util-mdx-jsx': [ '3.2.0' ],
43 silly audit   'mdast-util-mdxjs-esm': [ '2.0.1' ],
43 silly audit   'mdast-util-phrasing': [ '4.1.0' ],
43 silly audit   'mdast-util-to-hast': [ '13.2.1' ],
43 silly audit   'mdast-util-to-markdown': [ '2.1.2' ],
43 silly audit   'mdast-util-to-string': [ '4.0.0' ],
43 silly audit   merge2: [ '1.4.1' ],
43 silly audit   micromark: [ '4.0.2' ],
43 silly audit   'micromark-core-commonmark': [ '2.0.3' ],
43 silly audit   'micromark-extension-gfm': [ '3.0.0' ],
43 silly audit   'micromark-extension-gfm-autolink-literal': [ '2.1.0' ],
43 silly audit   'micromark-extension-gfm-footnote': [ '2.1.0' ],
43 silly audit   'micromark-extension-gfm-strikethrough': [ '2.1.0' ],
43 silly audit   'micromark-extension-gfm-table': [ '2.1.1' ],
43 silly audit   'micromark-extension-gfm-tagfilter': [ '2.0.0' ],
43 silly audit   'micromark-extension-gfm-task-list-item': [ '2.1.0' ],
43 silly audit   'micromark-factory-destination': [ '2.0.1' ],
43 silly audit   'micromark-factory-label': [ '2.0.1' ],
43 silly audit   'micromark-factory-space': [ '2.0.1' ],
43 silly audit   'micromark-factory-title': [ '2.0.1' ],
43 silly audit   'micromark-factory-whitespace': [ '2.0.1' ],
43 silly audit   'micromark-util-character': [ '2.1.1' ],
43 silly audit   'micromark-util-chunked': [ '2.0.1' ],
43 silly audit   'micromark-util-classify-character': [ '2.0.1' ],
43 silly audit   'micromark-util-combine-extensions': [ '2.0.1' ],
43 silly audit   'micromark-util-decode-numeric-character-reference': [ '2.0.2' ],
43 silly audit   'micromark-util-decode-string': [ '2.0.1' ],
43 silly audit   'micromark-util-encode': [ '2.0.1' ],
43 silly audit   'micromark-util-html-tag-name': [ '2.0.1' ],
43 silly audit   'micromark-util-normalize-identifier': [ '2.0.1' ],
43 silly audit   'micromark-util-resolve-all': [ '2.0.1' ],
43 silly audit   'micromark-util-sanitize-uri': [ '2.0.1' ],
43 silly audit   'micromark-util-subtokenize': [ '2.1.0' ],
43 silly audit   'micromark-util-symbol': [ '2.0.1' ],
43 silly audit   'micromark-util-types': [ '2.0.2' ],
43 silly audit   micromatch: [ '4.0.8' ],
43 silly audit   minimist: [ '1.2.8' ],
43 silly audit   ms: [ '2.1.3' ],
43 silly audit   nanoid: [ '3.3.11' ],
43 silly audit   'napi-postinstall': [ '0.3.4' ],
43 silly audit   'natural-compare': [ '1.4.0' ],
43 silly audit   next: [ '16.1.4' ],
43 silly audit   postcss: [ '8.4.31', '8.5.8' ],
43 silly audit   'node-exports-info': [ '1.6.0' ],
43 silly audit   'node-releases': [ '2.0.36' ],
43 silly audit   'object-assign': [ '4.1.1' ],
43 silly audit   'object-inspect': [ '1.13.4' ],
43 silly audit   'object-keys': [ '1.1.1' ],
43 silly audit   'object.assign': [ '4.1.7' ],
43 silly audit   'object.entries': [ '1.1.9' ],
43 silly audit   'object.fromentries': [ '2.0.8' ],
43 silly audit   'object.groupby': [ '1.0.3' ],
43 silly audit   'object.values': [ '1.2.1' ],
43 silly audit   optionator: [ '0.9.4' ],
43 silly audit   'own-keys': [ '1.0.1' ],
43 silly audit   'p-limit': [ '3.1.0' ],
43 silly audit   'p-locate': [ '5.0.0' ],
43 silly audit   'parent-module': [ '1.0.1' ],
43 silly audit   'parse-entities': [ '4.0.2' ],
43 silly audit   'path-exists': [ '4.0.0' ],
43 silly audit   'path-key': [ '3.1.1' ],
43 silly audit   'path-parse': [ '1.0.7' ],
43 silly audit   picocolors: [ '1.1.1' ],
43 silly audit   picomatch: [ '2.3.1', '4.0.3' ],
43 silly audit   'possible-typed-array-names': [ '1.1.0' ],
43 silly audit   'prelude-ls': [ '1.2.1' ],
43 silly audit   'prop-types': [ '15.8.1' ],
43 silly audit   'property-information': [ '7.1.0' ],
43 silly audit   punycode: [ '2.3.1' ],
43 silly audit   'queue-microtask': [ '1.2.3' ],
43 silly audit   react: [ '19.2.3' ],
43 silly audit   'react-dom': [ '19.2.3' ],
43 silly audit   'react-is': [ '16.13.1' ],
43 silly audit   'react-markdown': [ '10.1.0' ],
43 silly audit   'reflect.getprototypeof': [ '1.0.10' ],
43 silly audit   'regexp.prototype.flags': [ '1.5.4' ],
43 silly audit   'remark-gfm': [ '4.0.1' ],
43 silly audit   'remark-parse': [ '11.0.0' ],
43 silly audit   'remark-rehype': [ '11.1.2' ],
43 silly audit   'remark-stringify': [ '11.0.0' ],
43 silly audit   'resolve-from': [ '4.0.0' ],
43 silly audit   'resolve-pkg-maps': [ '1.0.0' ],
43 silly audit   reusify: [ '1.1.0' ],
43 silly audit   'run-parallel': [ '1.2.0' ],
43 silly audit   'safe-array-concat': [ '1.1.3' ],
43 silly audit   'safe-push-apply': [ '1.0.0' ],
43 silly audit   'safe-regex-test': [ '1.1.0' ],
43 silly audit   scheduler: [ '0.27.0' ],
43 silly audit   'set-function-length': [ '1.2.2' ],
43 silly audit   'set-function-name': [ '2.0.2' ],
43 silly audit   'set-proto': [ '1.0.0' ],
43 silly audit   sharp: [ '0.34.5' ],
43 silly audit   'shebang-command': [ '2.0.0' ],
43 silly audit   'shebang-regex': [ '3.0.0' ],
43 silly audit   'side-channel': [ '1.1.0' ],
43 silly audit   'side-channel-list': [ '1.0.0' ],
43 silly audit   'side-channel-map': [ '1.0.1' ],
43 silly audit   'side-channel-weakmap': [ '1.0.2' ],
43 silly audit   'simple-icons': [ '16.10.0' ],
43 silly audit   'source-map-js': [ '1.2.1' ],
43 silly audit   'space-separated-tokens': [ '2.0.2' ],
43 silly audit   'stable-hash': [ '0.0.5' ],
43 silly audit   'stop-iteration-iterator': [ '1.1.0' ],
43 silly audit   'string.prototype.includes': [ '2.0.1' ],
43 silly audit   'string.prototype.matchall': [ '4.0.12' ],
43 silly audit   'string.prototype.repeat': [ '1.0.0' ],
43 silly audit   'string.prototype.trim': [ '1.2.10' ],
43 silly audit   'string.prototype.trimend': [ '1.0.9' ],
43 silly audit   'string.prototype.trimstart': [ '1.0.8' ],
43 silly audit   'stringify-entities': [ '4.0.4' ],
43 silly audit   'strip-bom': [ '3.0.0' ],
43 silly audit   'strip-json-comments': [ '3.1.1' ],
43 silly audit   'style-to-js': [ '1.1.21' ],
43 silly audit   'style-to-object': [ '1.0.14' ],
43 silly audit   'styled-jsx': [ '5.1.6' ],
43 silly audit   'supports-color': [ '7.2.0' ],
43 silly audit   'supports-preserve-symlinks-flag': [ '1.0.0' ],
43 silly audit   tailwindcss: [ '4.2.1' ],
43 silly audit   tapable: [ '2.3.0' ],
43 silly audit   three: [ '0.183.2' ],
43 silly audit   tinyglobby: [ '0.2.15' ],
43 silly audit   fdir: [ '6.5.0' ],
43 silly audit   'to-regex-range': [ '5.0.1' ],
43 silly audit   'trim-lines': [ '3.0.1' ],
43 silly audit   trough: [ '2.2.0' ],
43 silly audit   'ts-api-utils': [ '2.4.0' ],
43 silly audit   'tsconfig-paths': [ '3.15.0' ],
43 silly audit   tslib: [ '2.8.1' ],
43 silly audit   'type-check': [ '0.4.0' ],
43 silly audit   'typed-array-buffer': [ '1.0.3' ],
43 silly audit   'typed-array-byte-length': [ '1.0.3' ],
43 silly audit   'typed-array-byte-offset': [ '1.0.4' ],
43 silly audit   'typed-array-length': [ '1.0.7' ],
43 silly audit   typescript: [ '5.9.3' ],
43 silly audit   'typescript-eslint': [ '8.56.1' ],
43 silly audit   'unbox-primitive': [ '1.1.0' ],
43 silly audit   'undici-types': [ '6.21.0' ],
43 silly audit   unified: [ '11.0.5' ],
43 silly audit   'unist-util-is': [ '6.0.1' ],
43 silly audit   'unist-util-position': [ '5.0.0' ],
43 silly audit   'unist-util-stringify-position': [ '4.0.0' ],
43 silly audit   'unist-util-visit': [ '5.1.0' ],
43 silly audit   'unist-util-visit-parents': [ '6.0.2' ],
43 silly audit   'unrs-resolver': [ '1.11.1' ],
43 silly audit   'update-browserslist-db': [ '1.2.3' ],
43 silly audit   'uri-js': [ '4.4.1' ],
43 silly audit   vfile: [ '6.0.3' ],
43 silly audit   'vfile-message': [ '4.0.3' ],
43 silly audit   which: [ '2.0.2' ],
43 silly audit   'which-boxed-primitive': [ '1.1.1' ],
43 silly audit   'which-builtin-type': [ '1.2.1' ],
43 silly audit   'which-collection': [ '1.0.2' ],
43 silly audit   'which-typed-array': [ '1.1.20' ],
43 silly audit   'word-wrap': [ '1.2.5' ],
43 silly audit   yallist: [ '3.1.1' ],
43 silly audit   'yocto-queue': [ '0.1.0' ],
43 silly audit   zod: [ '4.3.6' ],
43 silly audit   'zod-validation-error': [ '4.0.2' ],
43 silly audit   zwitch: [ '2.0.4' ],
43 silly audit   'framer-motion': [ '12.35.0' ],
43 silly audit   'motion-dom': [ '12.35.0' ],
43 silly audit   'motion-utils': [ '12.29.2' ]
43 silly audit }
44 http cache motion-dom@https://registry.npmjs.org/motion-dom/-/motion-dom-12.35.0.tgz 0ms (cache hit)
45 http cache motion-utils@https://registry.npmjs.org/motion-utils/-/motion-utils-12.29.2.tgz 0ms (cache hit)
46 http cache framer-motion@https://registry.npmjs.org/framer-motion/-/framer-motion-12.35.0.tgz 0ms (cache hit)
47 silly tarball no local data for motion-dom@https://registry.npmjs.org/motion-dom/-/motion-dom-12.35.0.tgz. Extracting by manifest.
48 silly tarball no local data for motion-utils@https://registry.npmjs.org/motion-utils/-/motion-utils-12.29.2.tgz. Extracting by manifest.
49 silly tarball no local data for framer-motion@https://registry.npmjs.org/framer-motion/-/framer-motion-12.35.0.tgz. Extracting by manifest.
50 http fetch GET 200 https://registry.npmjs.org/motion-utils/-/motion-utils-12.29.2.tgz 302ms (cache miss)
51 http fetch POST 200 https://registry.npmjs.org/-/npm/v1/security/advisories/bulk 352ms
52 silly audit report {
52 silly audit report   next: [
52 silly audit report     {
52 silly audit report       id: 1112592,
52 silly audit report       url: 'https://github.com/advisories/GHSA-9g9p-9gw9-jx7f',
52 silly audit report       title: 'Next.js self-hosted applications vulnerable to DoS via Image Optimizer remotePatterns configuration',
52 silly audit report       severity: 'moderate',
52 silly audit report       vulnerable_versions: '>=15.6.0-canary.0 <16.1.5',
52 silly audit report       cwe: [Array],
52 silly audit report       cvss: [Object]
52 silly audit report     },
52 silly audit report     {
52 silly audit report       id: 1112645,
52 silly audit report       url: 'https://github.com/advisories/GHSA-h25m-26qc-wcjf',
52 silly audit report       title: 'Next.js HTTP request deserialization can lead to DoS when using insecure React Server Components',
52 silly audit report       severity: 'high',
52 silly audit report       vulnerable_versions: '>=16.1.0-canary.0 <16.1.5',
52 silly audit report       cwe: [Array],
52 silly audit report       cvss: [Object]
52 silly audit report     },
52 silly audit report     {
52 silly audit report       id: 1112990,
52 silly audit report       url: 'https://github.com/advisories/GHSA-5f7q-jpqc-wp7h',
52 silly audit report       title: 'Next.js has Unbounded Memory Consumption via PPR Resume Endpoint ',
52 silly audit report       severity: 'moderate',
52 silly audit report       vulnerable_versions: '>=16.0.0-beta.0 <16.1.5',
52 silly audit report       cwe: [Array],
52 silly audit report       cvss: [Object]
52 silly audit report     }
52 silly audit report   ]
52 silly audit report }
53 silly packumentCache corgi:https://registry.npmjs.org/next cache-miss
54 http fetch GET 200 https://registry.npmjs.org/next 214ms (cache revalidated)
55 silly packumentCache corgi:https://registry.npmjs.org/next set size:24148695 disposed:false
56 http fetch GET 200 https://registry.npmjs.org/framer-motion/-/framer-motion-12.35.0.tgz 1403ms (cache miss)
57 http fetch GET 200 https://registry.npmjs.org/motion-dom/-/motion-dom-12.35.0.tgz 1452ms (cache miss)
58 silly ADD node_modules/motion-utils
59 silly ADD node_modules/motion-dom
60 silly ADD node_modules/framer-motion
61 verbose cwd /Users/apple/Desktop/Todo-next/my-app
62 verbose os Darwin 22.6.0
63 verbose node v23.1.0
64 verbose npm  v11.11.0
65 verbose exit 0
66 info ok
